<?xml version="1.0" encoding="UTF-8"?>
<!-- Generated by org.testng.reporters.JUnitXMLReporter -->
<testsuite hostname="L31286WIN" ignored="0" name="Login" tests="1" failures="0" timestamp="2021-02-13T21:26:23 IST" time="607.063" errors="0">
  <testcase name="@BeforeClass setup" time="606.551" classname="testCases.BaseClass">
    <failure type="org.openqa.selenium.SessionNotCreatedException" message="session not created
from timeout: Timed out receiving message from renderer: 600.000
  (Session info: chrome=87.0.4280.88)
Build info: version: &amp;apos;3.141.59&amp;apos;, revision: &amp;apos;e82be7d358&amp;apos;, time: &amp;apos;2018-11-14T08:17:03&amp;apos;
System info: host: &amp;apos;L31286WIN&amp;apos;, ip: &amp;apos;192.168.1.10&amp;apos;, os.name: &amp;apos;Windows 10&amp;apos;, os.arch: &amp;apos;amd64&amp;apos;, os.version: &amp;apos;10.0&amp;apos;, java.version: &amp;apos;1.8.0_202&amp;apos;
Driver info: driver.version: ChromeDriver
remote stacktrace: Backtrace:
	Ordinal0 [0x0113C0C3+3326147]
	Ordinal0 [0x01020851+2164817]
	Ordinal0 [0x00EA7298+619160]
	Ordinal0 [0x00E9B17F+569727]
	Ordinal0 [0x00E9A421+566305]
	Ordinal0 [0x00E9A815+567317]
	Ordinal0 [0x00E9A135+565557]
	Ordinal0 [0x00EA38B1+604337]
	Ordinal0 [0x00E9A0F1+565489]
	Ordinal0 [0x00E9AEA2+568994]
	Ordinal0 [0x00E9A421+566305]
	Ordinal0 [0x00E9A815+567317]
	Ordinal0 [0x00E9A135+565557]
	Ordinal0 [0x00EA1D2C+597292]
	Ordinal0 [0x00E9A0F1+565489]
	Ordinal0 [0x00E9AEA2+568994]
	Ordinal0 [0x00E9A421+566305]
	Ordinal0 [0x00E9A815+567317]
	Ordinal0 [0x00E9A135+565557]
	Ordinal0 [0x00E9FE62+589410]
	Ordinal0 [0x00E9A0F1+565489]
	Ordinal0 [0x00E9AEA2+568994]
	Ordinal0 [0x00E9A421+566305]
	Ordinal0 [0x00E9A815+567317]
	Ordinal0 [0x00E9A135+565557]
	Ordinal0 [0x00E9F075+585845]
	Ordinal0 [0x00E9A0F1+565489]
	Ordinal0 [0x00E9AEA2+568994]
	Ordinal0 [0x00E9A421+566305]
	Ordinal0 [0x00E9A815+567317]
	Ordinal0 [0x00E9A135+565557]
	Ordinal0 [0x00E96776+550774]
	Ordinal0 [0x00E9A0F1+565489]
	Ordinal0 [0x00E99F13+565011]
	Ordinal0 [0x00E99D07+564487]
	Ordinal0 [0x00EA82C0+623296]
	Ordinal0 [0x00E46BDD+224221]
	Ordinal0 [0x00E45CAC+220332]
	Ordinal0 [0x00E4189B+202907]
	Ordinal0 [0x00E23DF4+81396]
	Ordinal0 [0x00E24DEE+85486]
	Ordinal0 [0x00E24D79+85369]
	Ordinal0 [0x010385DC+2262492]
	GetHandleVerifier [0x012C2874+1487204]
	GetHandleVerifier [0x012C23CD+1486013]
	GetHandleVerifier [0x012CA368+1518680]
	GetHandleVerifier [0x012C2F4E+1488958]
	Ordinal0 [0x0102ED0D+2223373]
	Ordinal0 [0x0103A12B+2269483]
	Ordinal0 [0x0103A26F+2269807]
	Ordinal0 [0x0104ECB8+2354360]
	BaseThreadInitThunk [0x76B6FA29+25]
	RtlGetAppContainerNamedObjectPath [0x771C75F4+228]
	RtlGetAppContainerNamedObjectPath [0x771C75C4+180]
">
      <![CDATA[org.openqa.selenium.SessionNotCreatedException: session not created
from timeout: Timed out receiving message from renderer: 600.000
  (Session info: chrome=87.0.4280.88)
Build info: version: '3.141.59', revision: 'e82be7d358', time: '2018-11-14T08:17:03'
System info: host: 'L31286WIN', ip: '192.168.1.10', os.name: 'Windows 10', os.arch: 'amd64', os.version: '10.0', java.version: '1.8.0_202'
Driver info: driver.version: ChromeDriver
remote stacktrace: Backtrace:
Ordinal0 [0x0113C0C3+3326147]
Ordinal0 [0x01020851+2164817]
Ordinal0 [0x00EA7298+619160]
Ordinal0 [0x00E9B17F+569727]
Ordinal0 [0x00E9A421+566305]
Ordinal0 [0x00E9A815+567317]
Ordinal0 [0x00E9A135+565557]
Ordinal0 [0x00EA38B1+604337]
Ordinal0 [0x00E9A0F1+565489]
Ordinal0 [0x00E9AEA2+568994]
Ordinal0 [0x00E9A421+566305]
Ordinal0 [0x00E9A815+567317]
Ordinal0 [0x00E9A135+565557]
Ordinal0 [0x00EA1D2C+597292]
Ordinal0 [0x00E9A0F1+565489]
Ordinal0 [0x00E9AEA2+568994]
Ordinal0 [0x00E9A421+566305]
Ordinal0 [0x00E9A815+567317]
Ordinal0 [0x00E9A135+565557]
Ordinal0 [0x00E9FE62+589410]
Ordinal0 [0x00E9A0F1+565489]
Ordinal0 [0x00E9AEA2+568994]
Ordinal0 [0x00E9A421+566305]
Ordinal0 [0x00E9A815+567317]
Ordinal0 [0x00E9A135+565557]
Ordinal0 [0x00E9F075+585845]
Ordinal0 [0x00E9A0F1+565489]
Ordinal0 [0x00E9AEA2+568994]
Ordinal0 [0x00E9A421+566305]
Ordinal0 [0x00E9A815+567317]
Ordinal0 [0x00E9A135+565557]
Ordinal0 [0x00E96776+550774]
Ordinal0 [0x00E9A0F1+565489]
Ordinal0 [0x00E99F13+565011]
Ordinal0 [0x00E99D07+564487]
Ordinal0 [0x00EA82C0+623296]
Ordinal0 [0x00E46BDD+224221]
Ordinal0 [0x00E45CAC+220332]
Ordinal0 [0x00E4189B+202907]
Ordinal0 [0x00E23DF4+81396]
Ordinal0 [0x00E24DEE+85486]
Ordinal0 [0x00E24D79+85369]
Ordinal0 [0x010385DC+2262492]
GetHandleVerifier [0x012C2874+1487204]
GetHandleVerifier [0x012C23CD+1486013]
GetHandleVerifier [0x012CA368+1518680]
GetHandleVerifier [0x012C2F4E+1488958]
Ordinal0 [0x0102ED0D+2223373]
Ordinal0 [0x0103A12B+2269483]
Ordinal0 [0x0103A26F+2269807]
Ordinal0 [0x0104ECB8+2354360]
BaseThreadInitThunk [0x76B6FA29+25]
RtlGetAppContainerNamedObjectPath [0x771C75F4+228]
RtlGetAppContainerNamedObjectPath [0x771C75C4+180]

at org.openqa.selenium.remote.W3CHandshakeResponse.lambda$errorHandler$0(W3CHandshakeResponse.java:62)
at org.openqa.selenium.remote.HandshakeResponse.lambda$getResponseFunction$0(HandshakeResponse.java:30)
at org.openqa.selenium.remote.ProtocolHandshake.lambda$createSession$0(ProtocolHandshake.java:126)
at java.util.stream.ReferencePipeline$3$1.accept(ReferencePipeline.java:193)
at java.util.Spliterators$ArraySpliterator.tryAdvance(Spliterators.java:958)
at java.util.stream.ReferencePipeline.forEachWithCancel(ReferencePipeline.java:126)
at java.util.stream.AbstractPipeline.copyIntoWithCancel(AbstractPipeline.java:498)
at java.util.stream.AbstractPipeline.copyInto(AbstractPipeline.java:485)
at java.util.stream.AbstractPipeline.wrapAndCopyInto(AbstractPipeline.java:471)
at java.util.stream.FindOps$FindOp.evaluateSequential(FindOps.java:152)
at java.util.stream.AbstractPipeline.evaluate(AbstractPipeline.java:234)
at java.util.stream.ReferencePipeline.findFirst(ReferencePipeline.java:464)
at org.openqa.selenium.remote.ProtocolHandshake.createSession(ProtocolHandshake.java:128)
at org.openqa.selenium.remote.ProtocolHandshake.createSession(ProtocolHandshake.java:74)
at org.openqa.selenium.remote.HttpCommandExecutor.execute(HttpCommandExecutor.java:136)
at org.openqa.selenium.remote.service.DriverCommandExecutor.execute(DriverCommandExecutor.java:83)
at org.openqa.selenium.remote.RemoteWebDriver.execute(RemoteWebDriver.java:552)
at org.openqa.selenium.remote.RemoteWebDriver.startSession(RemoteWebDriver.java:213)
at org.openqa.selenium.remote.RemoteWebDriver.<init>(RemoteWebDriver.java:131)
at org.openqa.selenium.chrome.ChromeDriver.<init>(ChromeDriver.java:181)
at org.openqa.selenium.chrome.ChromeDriver.<init>(ChromeDriver.java:168)
at org.openqa.selenium.chrome.ChromeDriver.<init>(ChromeDriver.java:123)
at testCases.BaseClass.setup(BaseClass.java:39)
at java.util.ArrayList.forEach(ArrayList.java:1257)
... Removed 33 stack frames]]>
    </failure>
  </testcase> <!-- @BeforeClass setup -->
  <testcase name="loginTest" time="0.0" classname="testCases.TC_Login">
    <skipped/>
  </testcase> <!-- loginTest -->
</testsuite> <!-- Login -->
