<html>
<head>
<title>TestNG:  Login</title>
<link href="../testng.css" rel="stylesheet" type="text/css" />
<link href="../my-testng.css" rel="stylesheet" type="text/css" />

<style type="text/css">
.log { display: none;} 
.stack-trace { display: none;} 
</style>
<script type="text/javascript">
<!--
function flip(e) {
  current = e.style.display;
  if (current == 'block') {
    e.style.display = 'none';
    return 0;
  }
  else {
    e.style.display = 'block';
    return 1;
  }
}

function toggleBox(szDivId, elem, msg1, msg2)
{
  var res = -1;  if (document.getElementById) {
    res = flip(document.getElementById(szDivId));
  }
  else if (document.all) {
    // this is the way old msie versions work
    res = flip(document.all[szDivId]);
  }
  if(elem) {
    if(res == 0) elem.innerHTML = msg1; else elem.innerHTML = msg2;
  }

}

function toggleAllBoxes() {
  if (document.getElementsByTagName) {
    d = document.getElementsByTagName('div');
    for (i = 0; i < d.length; i++) {
      if (d[i].className == 'log') {
        flip(d[i]);
      }
    }
  }
}

// -->
</script>

</head>
<body>
<h2 align='center'>Login</h2><table border='1' align="center">
<tr>
<td>Tests passed/Failed/Skipped:</td><td>0/0/1</td>
</tr><tr>
<td>Started on:</td><td>Sat Feb 13 21:16:16 IST 2021</td>
</tr>
<tr><td>Total time:</td><td>607 seconds (607063 ms)</td>
</tr><tr>
<td>Included groups:</td><td></td>
</tr><tr>
<td>Excluded groups:</td><td></td>
</tr>
</table><p/>
<small><i>(Hover the method name to see the test class name)</i></small><p/>
<table width='100%' border='1' class='invocation-failed'>
<tr><td colspan='4' align='center'><b>FAILED CONFIGURATIONS</b></td></tr>
<tr><td><b>Test method</b></td>
<td width="30%"><b>Exception</b></td>
<td width="10%"><b>Time (seconds)</b></td>
<td><b>Instance</b></td>
</tr>
<tr>
<td title='testCases.TC_Login.setup()'><b>setup</b><br>Test class: testCases.TC_Login<br>Parameters: chrome</td>
<td><div><pre>org.openqa.selenium.SessionNotCreatedException: session not created
from timeout: Timed out receiving message from renderer: 600.000
  (Session info: chrome=87.0.4280.88)
Build info: version: &apos;3.141.59&apos;, revision: &apos;e82be7d358&apos;, time: &apos;2018-11-14T08:17:03&apos;
System info: host: &apos;L31286WIN&apos;, ip: &apos;192.168.1.10&apos;, os.name: &apos;Windows 10&apos;, os.arch: &apos;amd64&apos;, os.version: &apos;10.0&apos;, java.version: &apos;1.8.0_202&apos;
Driver info: driver.version: ChromeDriver
remote stacktrace: Backtrace:
	Ordinal0 [0x0113C0C3+3326147]
	Ordinal0 [0x01020851+2164817]
	Ordinal0 [0x00EA7298+619160]
	Ordinal0 [0x00E9B17F+569727]
	Ordinal0 [0x00E9A421+566305]
	Ordinal0 [0x00E9A815+567317]
	Ordinal0 [0x00E9A135+565557]
	Ordinal0 [0x00EA38B1+604337]
	Ordinal0 [0x00E9A0F1+565489]
	Ordinal0 [0x00E9AEA2+568994]
	Ordinal0 [0x00E9A421+566305]
	Ordinal0 [0x00E9A815+567317]
	Ordinal0 [0x00E9A135+565557]
	Ordinal0 [0x00EA1D2C+597292]
	Ordinal0 [0x00E9A0F1+565489]
	Ordinal0 [0x00E9AEA2+568994]
	Ordinal0 [0x00E9A421+566305]
	Ordinal0 [0x00E9A815+567317]
	Ordinal0 [0x00E9A135+565557]
	Ordinal0 [0x00E9FE62+589410]
	Ordinal0 [0x00E9A0F1+565489]
	Ordinal0 [0x00E9AEA2+568994]
	Ordinal0 [0x00E9A421+566305]
	Ordinal0 [0x00E9A815+567317]
	Ordinal0 [0x00E9A135+565557]
	Ordinal0 [0x00E9F075+585845]
	Ordinal0 [0x00E9A0F1+565489]
	Ordinal0 [0x00E9AEA2+568994]
	Ordinal0 [0x00E9A421+566305]
	Ordinal0 [0x00E9A815+567317]
	Ordinal0 [0x00E9A135+565557]
	Ordinal0 [0x00E96776+550774]
	Ordinal0 [0x00E9A0F1+565489]
	Ordinal0 [0x00E99F13+565011]
	Ordinal0 [0x00E99D07+564487]
	Ordinal0 [0x00EA82C0+623296]
	Ordinal0 [0x00E46BDD+224221]
	Ordinal0 [0x00E45CAC+220332]
	Ordinal0 [0x00E4189B+202907]
	Ordinal0 [0x00E23DF4+81396]
	Ordinal0 [0x00E24DEE+85486]
	Ordinal0 [0x00E24D79+85369]
	Ordinal0 [0x010385DC+2262492]
	GetHandleVerifier [0x012C2874+1487204]
	GetHandleVerifier [0x012C23CD+1486013]
	GetHandleVerifier [0x012CA368+1518680]
	GetHandleVerifier [0x012C2F4E+1488958]
	Ordinal0 [0x0102ED0D+2223373]
	Ordinal0 [0x0103A12B+2269483]
	Ordinal0 [0x0103A26F+2269807]
	Ordinal0 [0x0104ECB8+2354360]
	BaseThreadInitThunk [0x76B6FA29+25]
	RtlGetAppContainerNamedObjectPath [0x771C75F4+228]
	RtlGetAppContainerNamedObjectPath [0x771C75C4+180]

	at org.openqa.selenium.remote.W3CHandshakeResponse.lambda$errorHandler$0(W3CHandshakeResponse.java:62)
	at org.openqa.selenium.remote.HandshakeResponse.lambda$getResponseFunction$0(HandshakeResponse.java:30)
	at org.openqa.selenium.remote.ProtocolHandshake.lambda$createSession$0(ProtocolHandshake.java:126)
	at java.util.stream.ReferencePipeline$3$1.accept(ReferencePipeline.java:193)
	at java.util.Spliterators$ArraySpliterator.tryAdvance(Spliterators.java:958)
	at java.util.stream.ReferencePipeline.forEachWithCancel(ReferencePipeline.java:126)
	at java.util.stream.AbstractPipeline.copyIntoWithCancel(AbstractPipeline.java:498)
	at java.util.stream.AbstractPipeline.copyInto(AbstractPipeline.java:485)
	at java.util.stream.AbstractPipeline.wrapAndCopyInto(AbstractPipeline.java:471)
	at java.util.stream.FindOps$FindOp.evaluateSequential(FindOps.java:152)
	at java.util.stream.AbstractPipeline.evaluate(AbstractPipeline.java:234)
	at java.util.stream.ReferencePipeline.findFirst(ReferencePipeline.java:464)
	at org.openqa.selenium.remote.ProtocolHandshake.createSession(ProtocolHandshake.java:128)
	at org.openqa.selenium.remote.ProtocolHandshake.createSession(ProtocolHandshake.java:74)
	at org.openqa.selenium.remote.HttpCommandExecutor.execute(HttpCommandExecutor.java:136)
	at org.openqa.selenium.remote.service.DriverCommandExecutor.execute(DriverCommandExecutor.java:83)
	at org.openqa.selenium.remote.RemoteWebDriver.execute(RemoteWebDriver.java:552)
	at org.openqa.selenium.remote.RemoteWebDriver.startSession(RemoteWebDriver.java:213)
	at org.openqa.selenium.remote.RemoteWebDriver.&lt;init&gt;(RemoteWebDriver.java:131)
	at org.openqa.selenium.chrome.ChromeDriver.&lt;init&gt;(ChromeDriver.java:181)
	at org.openqa.selenium.chrome.ChromeDriver.&lt;init&gt;(ChromeDriver.java:168)
	at org.openqa.selenium.chrome.ChromeDriver.&lt;init&gt;(ChromeDriver.java:123)
	at testCases.BaseClass.setup(BaseClass.java:39)
	at java.util.ArrayList.forEach(ArrayList.java:1257)
... Removed 33 stack frames</pre></div><a href='#' onClick='toggleBox("stack-trace271095942", this, "Click to show all stack frames", "Click to hide stack frames")'>Click to show all stack frames</a>
<div class='stack-trace' id='stack-trace271095942'><pre>org.openqa.selenium.SessionNotCreatedException: session not created
from timeout: Timed out receiving message from renderer: 600.000
  (Session info: chrome=87.0.4280.88)
Build info: version: &apos;3.141.59&apos;, revision: &apos;e82be7d358&apos;, time: &apos;2018-11-14T08:17:03&apos;
System info: host: &apos;L31286WIN&apos;, ip: &apos;192.168.1.10&apos;, os.name: &apos;Windows 10&apos;, os.arch: &apos;amd64&apos;, os.version: &apos;10.0&apos;, java.version: &apos;1.8.0_202&apos;
Driver info: driver.version: ChromeDriver
remote stacktrace: Backtrace:
	Ordinal0 [0x0113C0C3+3326147]
	Ordinal0 [0x01020851+2164817]
	Ordinal0 [0x00EA7298+619160]
	Ordinal0 [0x00E9B17F+569727]
	Ordinal0 [0x00E9A421+566305]
	Ordinal0 [0x00E9A815+567317]
	Ordinal0 [0x00E9A135+565557]
	Ordinal0 [0x00EA38B1+604337]
	Ordinal0 [0x00E9A0F1+565489]
	Ordinal0 [0x00E9AEA2+568994]
	Ordinal0 [0x00E9A421+566305]
	Ordinal0 [0x00E9A815+567317]
	Ordinal0 [0x00E9A135+565557]
	Ordinal0 [0x00EA1D2C+597292]
	Ordinal0 [0x00E9A0F1+565489]
	Ordinal0 [0x00E9AEA2+568994]
	Ordinal0 [0x00E9A421+566305]
	Ordinal0 [0x00E9A815+567317]
	Ordinal0 [0x00E9A135+565557]
	Ordinal0 [0x00E9FE62+589410]
	Ordinal0 [0x00E9A0F1+565489]
	Ordinal0 [0x00E9AEA2+568994]
	Ordinal0 [0x00E9A421+566305]
	Ordinal0 [0x00E9A815+567317]
	Ordinal0 [0x00E9A135+565557]
	Ordinal0 [0x00E9F075+585845]
	Ordinal0 [0x00E9A0F1+565489]
	Ordinal0 [0x00E9AEA2+568994]
	Ordinal0 [0x00E9A421+566305]
	Ordinal0 [0x00E9A815+567317]
	Ordinal0 [0x00E9A135+565557]
	Ordinal0 [0x00E96776+550774]
	Ordinal0 [0x00E9A0F1+565489]
	Ordinal0 [0x00E99F13+565011]
	Ordinal0 [0x00E99D07+564487]
	Ordinal0 [0x00EA82C0+623296]
	Ordinal0 [0x00E46BDD+224221]
	Ordinal0 [0x00E45CAC+220332]
	Ordinal0 [0x00E4189B+202907]
	Ordinal0 [0x00E23DF4+81396]
	Ordinal0 [0x00E24DEE+85486]
	Ordinal0 [0x00E24D79+85369]
	Ordinal0 [0x010385DC+2262492]
	GetHandleVerifier [0x012C2874+1487204]
	GetHandleVerifier [0x012C23CD+1486013]
	GetHandleVerifier [0x012CA368+1518680]
	GetHandleVerifier [0x012C2F4E+1488958]
	Ordinal0 [0x0102ED0D+2223373]
	Ordinal0 [0x0103A12B+2269483]
	Ordinal0 [0x0103A26F+2269807]
	Ordinal0 [0x0104ECB8+2354360]
	BaseThreadInitThunk [0x76B6FA29+25]
	RtlGetAppContainerNamedObjectPath [0x771C75F4+228]
	RtlGetAppContainerNamedObjectPath [0x771C75C4+180]

	at sun.reflect.NativeConstructorAccessorImpl.newInstance0(Native Method)
	at sun.reflect.NativeConstructorAccessorImpl.newInstance(NativeConstructorAccessorImpl.java:62)
	at sun.reflect.DelegatingConstructorAccessorImpl.newInstance(DelegatingConstructorAccessorImpl.java:45)
	at java.lang.reflect.Constructor.newInstance(Constructor.java:423)
	at org.openqa.selenium.remote.W3CHandshakeResponse.lambda$errorHandler$0(W3CHandshakeResponse.java:62)
	at org.openqa.selenium.remote.HandshakeResponse.lambda$getResponseFunction$0(HandshakeResponse.java:30)
	at org.openqa.selenium.remote.ProtocolHandshake.lambda$createSession$0(ProtocolHandshake.java:126)
	at java.util.stream.ReferencePipeline$3$1.accept(ReferencePipeline.java:193)
	at java.util.Spliterators$ArraySpliterator.tryAdvance(Spliterators.java:958)
	at java.util.stream.ReferencePipeline.forEachWithCancel(ReferencePipeline.java:126)
	at java.util.stream.AbstractPipeline.copyIntoWithCancel(AbstractPipeline.java:498)
	at java.util.stream.AbstractPipeline.copyInto(AbstractPipeline.java:485)
	at java.util.stream.AbstractPipeline.wrapAndCopyInto(AbstractPipeline.java:471)
	at java.util.stream.FindOps$FindOp.evaluateSequential(FindOps.java:152)
	at java.util.stream.AbstractPipeline.evaluate(AbstractPipeline.java:234)
	at java.util.stream.ReferencePipeline.findFirst(ReferencePipeline.java:464)
	at org.openqa.selenium.remote.ProtocolHandshake.createSession(ProtocolHandshake.java:128)
	at org.openqa.selenium.remote.ProtocolHandshake.createSession(ProtocolHandshake.java:74)
	at org.openqa.selenium.remote.HttpCommandExecutor.execute(HttpCommandExecutor.java:136)
	at org.openqa.selenium.remote.service.DriverCommandExecutor.execute(DriverCommandExecutor.java:83)
	at org.openqa.selenium.remote.RemoteWebDriver.execute(RemoteWebDriver.java:552)
	at org.openqa.selenium.remote.RemoteWebDriver.startSession(RemoteWebDriver.java:213)
	at org.openqa.selenium.remote.RemoteWebDriver.&lt;init&gt;(RemoteWebDriver.java:131)
	at org.openqa.selenium.chrome.ChromeDriver.&lt;init&gt;(ChromeDriver.java:181)
	at org.openqa.selenium.chrome.ChromeDriver.&lt;init&gt;(ChromeDriver.java:168)
	at org.openqa.selenium.chrome.ChromeDriver.&lt;init&gt;(ChromeDriver.java:123)
	at testCases.BaseClass.setup(BaseClass.java:39)
	at sun.reflect.NativeMethodAccessorImpl.invoke0(Native Method)
	at sun.reflect.NativeMethodAccessorImpl.invoke(NativeMethodAccessorImpl.java:62)
	at sun.reflect.DelegatingMethodAccessorImpl.invoke(DelegatingMethodAccessorImpl.java:43)
	at java.lang.reflect.Method.invoke(Method.java:498)
	at org.testng.internal.MethodInvocationHelper.invokeMethod(MethodInvocationHelper.java:132)
	at org.testng.internal.MethodInvocationHelper.invokeMethodConsideringTimeout(MethodInvocationHelper.java:61)
	at org.testng.internal.ConfigInvoker.invokeConfigurationMethod(ConfigInvoker.java:366)
	at org.testng.internal.ConfigInvoker.invokeConfigurations(ConfigInvoker.java:320)
	at org.testng.internal.TestMethodWorker.invokeBeforeClassMethods(TestMethodWorker.java:176)
	at org.testng.internal.TestMethodWorker.run(TestMethodWorker.java:122)
	at java.util.ArrayList.forEach(ArrayList.java:1257)
	at org.testng.TestRunner.privateRun(TestRunner.java:764)
	at org.testng.TestRunner.run(TestRunner.java:585)
	at org.testng.SuiteRunner.runTest(SuiteRunner.java:384)
	at org.testng.SuiteRunner.runSequentially(SuiteRunner.java:378)
	at org.testng.SuiteRunner.privateRun(SuiteRunner.java:337)
	at org.testng.SuiteRunner.run(SuiteRunner.java:286)
	at org.testng.SuiteRunnerWorker.runSuite(SuiteRunnerWorker.java:53)
	at org.testng.SuiteRunnerWorker.run(SuiteRunnerWorker.java:96)
	at org.testng.TestNG.runSuitesSequentially(TestNG.java:1218)
	at org.testng.TestNG.runSuitesLocally(TestNG.java:1140)
	at org.testng.TestNG.runSuites(TestNG.java:1069)
	at org.testng.TestNG.run(TestNG.java:1037)
	at org.apache.maven.surefire.testng.TestNGExecutor.run(TestNGExecutor.java:284)
	at org.apache.maven.surefire.testng.TestNGXmlTestSuite.execute(TestNGXmlTestSuite.java:75)
	at org.apache.maven.surefire.testng.TestNGProvider.invoke(TestNGProvider.java:119)
	at org.apache.maven.surefire.booter.ForkedBooter.runSuitesInProcess(ForkedBooter.java:428)
	at org.apache.maven.surefire.booter.ForkedBooter.execute(ForkedBooter.java:162)
	at org.apache.maven.surefire.booter.ForkedBooter.run(ForkedBooter.java:562)
	at org.apache.maven.surefire.booter.ForkedBooter.main(ForkedBooter.java:548)
</pre></div></td>
<td>606</td>
<td>testCases.TC_Login@6ddf90b0</td></tr>
</table><p>
<table width='100%' border='1' class='invocation-skipped'>
<tr><td colspan='4' align='center'><b>SKIPPED TESTS</b></td></tr>
<tr><td><b>Test method</b></td>
<td width="30%"><b>Exception</b></td>
<td width="10%"><b>Time (seconds)</b></td>
<td><b>Instance</b></td>
</tr>
<tr>
<td title='testCases.TC_Login.loginTest()'><b>loginTest</b><br>Test class: testCases.TC_Login</td>
<td><div><pre>org.openqa.selenium.SessionNotCreatedException: session not created
from timeout: Timed out receiving message from renderer: 600.000
  (Session info: chrome=87.0.4280.88)
Build info: version: &apos;3.141.59&apos;, revision: &apos;e82be7d358&apos;, time: &apos;2018-11-14T08:17:03&apos;
System info: host: &apos;L31286WIN&apos;, ip: &apos;192.168.1.10&apos;, os.name: &apos;Windows 10&apos;, os.arch: &apos;amd64&apos;, os.version: &apos;10.0&apos;, java.version: &apos;1.8.0_202&apos;
Driver info: driver.version: ChromeDriver
remote stacktrace: Backtrace:
	Ordinal0 [0x0113C0C3+3326147]
	Ordinal0 [0x01020851+2164817]
	Ordinal0 [0x00EA7298+619160]
	Ordinal0 [0x00E9B17F+569727]
	Ordinal0 [0x00E9A421+566305]
	Ordinal0 [0x00E9A815+567317]
	Ordinal0 [0x00E9A135+565557]
	Ordinal0 [0x00EA38B1+604337]
	Ordinal0 [0x00E9A0F1+565489]
	Ordinal0 [0x00E9AEA2+568994]
	Ordinal0 [0x00E9A421+566305]
	Ordinal0 [0x00E9A815+567317]
	Ordinal0 [0x00E9A135+565557]
	Ordinal0 [0x00EA1D2C+597292]
	Ordinal0 [0x00E9A0F1+565489]
	Ordinal0 [0x00E9AEA2+568994]
	Ordinal0 [0x00E9A421+566305]
	Ordinal0 [0x00E9A815+567317]
	Ordinal0 [0x00E9A135+565557]
	Ordinal0 [0x00E9FE62+589410]
	Ordinal0 [0x00E9A0F1+565489]
	Ordinal0 [0x00E9AEA2+568994]
	Ordinal0 [0x00E9A421+566305]
	Ordinal0 [0x00E9A815+567317]
	Ordinal0 [0x00E9A135+565557]
	Ordinal0 [0x00E9F075+585845]
	Ordinal0 [0x00E9A0F1+565489]
	Ordinal0 [0x00E9AEA2+568994]
	Ordinal0 [0x00E9A421+566305]
	Ordinal0 [0x00E9A815+567317]
	Ordinal0 [0x00E9A135+565557]
	Ordinal0 [0x00E96776+550774]
	Ordinal0 [0x00E9A0F1+565489]
	Ordinal0 [0x00E99F13+565011]
	Ordinal0 [0x00E99D07+564487]
	Ordinal0 [0x00EA82C0+623296]
	Ordinal0 [0x00E46BDD+224221]
	Ordinal0 [0x00E45CAC+220332]
	Ordinal0 [0x00E4189B+202907]
	Ordinal0 [0x00E23DF4+81396]
	Ordinal0 [0x00E24DEE+85486]
	Ordinal0 [0x00E24D79+85369]
	Ordinal0 [0x010385DC+2262492]
	GetHandleVerifier [0x012C2874+1487204]
	GetHandleVerifier [0x012C23CD+1486013]
	GetHandleVerifier [0x012CA368+1518680]
	GetHandleVerifier [0x012C2F4E+1488958]
	Ordinal0 [0x0102ED0D+2223373]
	Ordinal0 [0x0103A12B+2269483]
	Ordinal0 [0x0103A26F+2269807]
	Ordinal0 [0x0104ECB8+2354360]
	BaseThreadInitThunk [0x76B6FA29+25]
	RtlGetAppContainerNamedObjectPath [0x771C75F4+228]
	RtlGetAppContainerNamedObjectPath [0x771C75C4+180]

	at org.openqa.selenium.remote.W3CHandshakeResponse.lambda$errorHandler$0(W3CHandshakeResponse.java:62)
	at org.openqa.selenium.remote.HandshakeResponse.lambda$getResponseFunction$0(HandshakeResponse.java:30)
	at org.openqa.selenium.remote.ProtocolHandshake.lambda$createSession$0(ProtocolHandshake.java:126)
	at java.util.stream.ReferencePipeline$3$1.accept(ReferencePipeline.java:193)
	at java.util.Spliterators$ArraySpliterator.tryAdvance(Spliterators.java:958)
	at java.util.stream.ReferencePipeline.forEachWithCancel(ReferencePipeline.java:126)
	at java.util.stream.AbstractPipeline.copyIntoWithCancel(AbstractPipeline.java:498)
	at java.util.stream.AbstractPipeline.copyInto(AbstractPipeline.java:485)
	at java.util.stream.AbstractPipeline.wrapAndCopyInto(AbstractPipeline.java:471)
	at java.util.stream.FindOps$FindOp.evaluateSequential(FindOps.java:152)
	at java.util.stream.AbstractPipeline.evaluate(AbstractPipeline.java:234)
	at java.util.stream.ReferencePipeline.findFirst(ReferencePipeline.java:464)
	at org.openqa.selenium.remote.ProtocolHandshake.createSession(ProtocolHandshake.java:128)
	at org.openqa.selenium.remote.ProtocolHandshake.createSession(ProtocolHandshake.java:74)
	at org.openqa.selenium.remote.HttpCommandExecutor.execute(HttpCommandExecutor.java:136)
	at org.openqa.selenium.remote.service.DriverCommandExecutor.execute(DriverCommandExecutor.java:83)
	at org.openqa.selenium.remote.RemoteWebDriver.execute(RemoteWebDriver.java:552)
	at org.openqa.selenium.remote.RemoteWebDriver.startSession(RemoteWebDriver.java:213)
	at org.openqa.selenium.remote.RemoteWebDriver.&lt;init&gt;(RemoteWebDriver.java:131)
	at org.openqa.selenium.chrome.ChromeDriver.&lt;init&gt;(ChromeDriver.java:181)
	at org.openqa.selenium.chrome.ChromeDriver.&lt;init&gt;(ChromeDriver.java:168)
	at org.openqa.selenium.chrome.ChromeDriver.&lt;init&gt;(ChromeDriver.java:123)
	at testCases.BaseClass.setup(BaseClass.java:39)
	at java.util.ArrayList.forEach(ArrayList.java:1257)
... Removed 33 stack frames</pre></div><a href='#' onClick='toggleBox("stack-trace400103862", this, "Click to show all stack frames", "Click to hide stack frames")'>Click to show all stack frames</a>
<div class='stack-trace' id='stack-trace400103862'><pre>org.openqa.selenium.SessionNotCreatedException: session not created
from timeout: Timed out receiving message from renderer: 600.000
  (Session info: chrome=87.0.4280.88)
Build info: version: &apos;3.141.59&apos;, revision: &apos;e82be7d358&apos;, time: &apos;2018-11-14T08:17:03&apos;
System info: host: &apos;L31286WIN&apos;, ip: &apos;192.168.1.10&apos;, os.name: &apos;Windows 10&apos;, os.arch: &apos;amd64&apos;, os.version: &apos;10.0&apos;, java.version: &apos;1.8.0_202&apos;
Driver info: driver.version: ChromeDriver
remote stacktrace: Backtrace:
	Ordinal0 [0x0113C0C3+3326147]
	Ordinal0 [0x01020851+2164817]
	Ordinal0 [0x00EA7298+619160]
	Ordinal0 [0x00E9B17F+569727]
	Ordinal0 [0x00E9A421+566305]
	Ordinal0 [0x00E9A815+567317]
	Ordinal0 [0x00E9A135+565557]
	Ordinal0 [0x00EA38B1+604337]
	Ordinal0 [0x00E9A0F1+565489]
	Ordinal0 [0x00E9AEA2+568994]
	Ordinal0 [0x00E9A421+566305]
	Ordinal0 [0x00E9A815+567317]
	Ordinal0 [0x00E9A135+565557]
	Ordinal0 [0x00EA1D2C+597292]
	Ordinal0 [0x00E9A0F1+565489]
	Ordinal0 [0x00E9AEA2+568994]
	Ordinal0 [0x00E9A421+566305]
	Ordinal0 [0x00E9A815+567317]
	Ordinal0 [0x00E9A135+565557]
	Ordinal0 [0x00E9FE62+589410]
	Ordinal0 [0x00E9A0F1+565489]
	Ordinal0 [0x00E9AEA2+568994]
	Ordinal0 [0x00E9A421+566305]
	Ordinal0 [0x00E9A815+567317]
	Ordinal0 [0x00E9A135+565557]
	Ordinal0 [0x00E9F075+585845]
	Ordinal0 [0x00E9A0F1+565489]
	Ordinal0 [0x00E9AEA2+568994]
	Ordinal0 [0x00E9A421+566305]
	Ordinal0 [0x00E9A815+567317]
	Ordinal0 [0x00E9A135+565557]
	Ordinal0 [0x00E96776+550774]
	Ordinal0 [0x00E9A0F1+565489]
	Ordinal0 [0x00E99F13+565011]
	Ordinal0 [0x00E99D07+564487]
	Ordinal0 [0x00EA82C0+623296]
	Ordinal0 [0x00E46BDD+224221]
	Ordinal0 [0x00E45CAC+220332]
	Ordinal0 [0x00E4189B+202907]
	Ordinal0 [0x00E23DF4+81396]
	Ordinal0 [0x00E24DEE+85486]
	Ordinal0 [0x00E24D79+85369]
	Ordinal0 [0x010385DC+2262492]
	GetHandleVerifier [0x012C2874+1487204]
	GetHandleVerifier [0x012C23CD+1486013]
	GetHandleVerifier [0x012CA368+1518680]
	GetHandleVerifier [0x012C2F4E+1488958]
	Ordinal0 [0x0102ED0D+2223373]
	Ordinal0 [0x0103A12B+2269483]
	Ordinal0 [0x0103A26F+2269807]
	Ordinal0 [0x0104ECB8+2354360]
	BaseThreadInitThunk [0x76B6FA29+25]
	RtlGetAppContainerNamedObjectPath [0x771C75F4+228]
	RtlGetAppContainerNamedObjectPath [0x771C75C4+180]

	at sun.reflect.NativeConstructorAccessorImpl.newInstance0(Native Method)
	at sun.reflect.NativeConstructorAccessorImpl.newInstance(NativeConstructorAccessorImpl.java:62)
	at sun.reflect.DelegatingConstructorAccessorImpl.newInstance(DelegatingConstructorAccessorImpl.java:45)
	at java.lang.reflect.Constructor.newInstance(Constructor.java:423)
	at org.openqa.selenium.remote.W3CHandshakeResponse.lambda$errorHandler$0(W3CHandshakeResponse.java:62)
	at org.openqa.selenium.remote.HandshakeResponse.lambda$getResponseFunction$0(HandshakeResponse.java:30)
	at org.openqa.selenium.remote.ProtocolHandshake.lambda$createSession$0(ProtocolHandshake.java:126)
	at java.util.stream.ReferencePipeline$3$1.accept(ReferencePipeline.java:193)
	at java.util.Spliterators$ArraySpliterator.tryAdvance(Spliterators.java:958)
	at java.util.stream.ReferencePipeline.forEachWithCancel(ReferencePipeline.java:126)
	at java.util.stream.AbstractPipeline.copyIntoWithCancel(AbstractPipeline.java:498)
	at java.util.stream.AbstractPipeline.copyInto(AbstractPipeline.java:485)
	at java.util.stream.AbstractPipeline.wrapAndCopyInto(AbstractPipeline.java:471)
	at java.util.stream.FindOps$FindOp.evaluateSequential(FindOps.java:152)
	at java.util.stream.AbstractPipeline.evaluate(AbstractPipeline.java:234)
	at java.util.stream.ReferencePipeline.findFirst(ReferencePipeline.java:464)
	at org.openqa.selenium.remote.ProtocolHandshake.createSession(ProtocolHandshake.java:128)
	at org.openqa.selenium.remote.ProtocolHandshake.createSession(ProtocolHandshake.java:74)
	at org.openqa.selenium.remote.HttpCommandExecutor.execute(HttpCommandExecutor.java:136)
	at org.openqa.selenium.remote.service.DriverCommandExecutor.execute(DriverCommandExecutor.java:83)
	at org.openqa.selenium.remote.RemoteWebDriver.execute(RemoteWebDriver.java:552)
	at org.openqa.selenium.remote.RemoteWebDriver.startSession(RemoteWebDriver.java:213)
	at org.openqa.selenium.remote.RemoteWebDriver.&lt;init&gt;(RemoteWebDriver.java:131)
	at org.openqa.selenium.chrome.ChromeDriver.&lt;init&gt;(ChromeDriver.java:181)
	at org.openqa.selenium.chrome.ChromeDriver.&lt;init&gt;(ChromeDriver.java:168)
	at org.openqa.selenium.chrome.ChromeDriver.&lt;init&gt;(ChromeDriver.java:123)
	at testCases.BaseClass.setup(BaseClass.java:39)
	at sun.reflect.NativeMethodAccessorImpl.invoke0(Native Method)
	at sun.reflect.NativeMethodAccessorImpl.invoke(NativeMethodAccessorImpl.java:62)
	at sun.reflect.DelegatingMethodAccessorImpl.invoke(DelegatingMethodAccessorImpl.java:43)
	at java.lang.reflect.Method.invoke(Method.java:498)
	at org.testng.internal.MethodInvocationHelper.invokeMethod(MethodInvocationHelper.java:132)
	at org.testng.internal.MethodInvocationHelper.invokeMethodConsideringTimeout(MethodInvocationHelper.java:61)
	at org.testng.internal.ConfigInvoker.invokeConfigurationMethod(ConfigInvoker.java:366)
	at org.testng.internal.ConfigInvoker.invokeConfigurations(ConfigInvoker.java:320)
	at org.testng.internal.TestMethodWorker.invokeBeforeClassMethods(TestMethodWorker.java:176)
	at org.testng.internal.TestMethodWorker.run(TestMethodWorker.java:122)
	at java.util.ArrayList.forEach(ArrayList.java:1257)
	at org.testng.TestRunner.privateRun(TestRunner.java:764)
	at org.testng.TestRunner.run(TestRunner.java:585)
	at org.testng.SuiteRunner.runTest(SuiteRunner.java:384)
	at org.testng.SuiteRunner.runSequentially(SuiteRunner.java:378)
	at org.testng.SuiteRunner.privateRun(SuiteRunner.java:337)
	at org.testng.SuiteRunner.run(SuiteRunner.java:286)
	at org.testng.SuiteRunnerWorker.runSuite(SuiteRunnerWorker.java:53)
	at org.testng.SuiteRunnerWorker.run(SuiteRunnerWorker.java:96)
	at org.testng.TestNG.runSuitesSequentially(TestNG.java:1218)
	at org.testng.TestNG.runSuitesLocally(TestNG.java:1140)
	at org.testng.TestNG.runSuites(TestNG.java:1069)
	at org.testng.TestNG.run(TestNG.java:1037)
	at org.apache.maven.surefire.testng.TestNGExecutor.run(TestNGExecutor.java:284)
	at org.apache.maven.surefire.testng.TestNGXmlTestSuite.execute(TestNGXmlTestSuite.java:75)
	at org.apache.maven.surefire.testng.TestNGProvider.invoke(TestNGProvider.java:119)
	at org.apache.maven.surefire.booter.ForkedBooter.runSuitesInProcess(ForkedBooter.java:428)
	at org.apache.maven.surefire.booter.ForkedBooter.execute(ForkedBooter.java:162)
	at org.apache.maven.surefire.booter.ForkedBooter.run(ForkedBooter.java:562)
	at org.apache.maven.surefire.booter.ForkedBooter.main(ForkedBooter.java:548)
</pre></div></td>
<td>0</td>
<td>testCases.TC_Login@6ddf90b0</td></tr>
</table><p>
</body>
</html>