<?xml version="1.0" encoding="UTF-8"?>
<!-- Generated by org.testng.reporters.JUnitReportReporter -->
<testsuite skipped="1" hostname="L31286WIN" name="testCases.TC_Login" tests="3" failures="0" timestamp="2021-02-13T21:26:24 IST" time="606.551" errors="2">
  <testcase name="tearDown" time="0.000" classname="testCases.TC_Login">
    <error type="java.lang.NullPointerException">
      <![CDATA[java.lang.NullPointerException
at testCases.BaseClass.tearDown(BaseClass.java:60)
at sun.reflect.NativeMethodAccessorImpl.invoke0(Native Method)
at sun.reflect.NativeMethodAccessorImpl.invoke(NativeMethodAccessorImpl.java:62)
at sun.reflect.DelegatingMethodAccessorImpl.invoke(DelegatingMethodAccessorImpl.java:43)
at java.lang.reflect.Method.invoke(Method.java:498)
at org.testng.internal.MethodInvocationHelper.invokeMethod(MethodInvocationHelper.java:132)
at org.testng.internal.MethodInvocationHelper.invokeMethodConsideringTimeout(MethodInvocationHelper.java:61)
at org.testng.internal.ConfigInvoker.invokeConfigurationMethod(ConfigInvoker.java:366)
at org.testng.internal.ConfigInvoker.invokeConfigurations(ConfigInvoker.java:320)
at org.testng.SuiteRunner.privateRun(SuiteRunner.java:351)
at org.testng.SuiteRunner.run(SuiteRunner.java:286)
at org.testng.SuiteRunnerWorker.runSuite(SuiteRunnerWorker.java:53)
at org.testng.SuiteRunnerWorker.run(SuiteRunnerWorker.java:96)
at org.testng.TestNG.runSuitesSequentially(TestNG.java:1218)
at org.testng.TestNG.runSuitesLocally(TestNG.java:1140)
at org.testng.TestNG.runSuites(TestNG.java:1069)
at org.testng.TestNG.run(TestNG.java:1037)
at org.apache.maven.surefire.testng.TestNGExecutor.run(TestNGExecutor.java:284)
at org.apache.maven.surefire.testng.TestNGXmlTestSuite.execute(TestNGXmlTestSuite.java:75)
at org.apache.maven.surefire.testng.TestNGProvider.invoke(TestNGProvider.java:119)
at org.apache.maven.surefire.booter.ForkedBooter.runSuitesInProcess(ForkedBooter.java:428)
at org.apache.maven.surefire.booter.ForkedBooter.execute(ForkedBooter.java:162)
at org.apache.maven.surefire.booter.ForkedBooter.run(ForkedBooter.java:562)
at org.apache.maven.surefire.booter.ForkedBooter.main(ForkedBooter.java:548)
]]>
    </error>
  </testcase> <!-- tearDown -->
  <system-out/>
  <testcase name="setup" time="606.551" classname="testCases.TC_Login">
    <error type="org.openqa.selenium.SessionNotCreatedException" message="session not created
from timeout: Timed out receiving message from renderer: 600.000
  (Session info: chrome=87.0.4280.88)
Build info: version: &#039;3.141.59&#039;, revision: &#039;e82be7d358&#039;, time: &#039;2018-11-14T08:17:03&#039;
System info: host: &#039;L31286WIN&#039;, ip: &#039;192.168.1.10&#039;, os.name: &#039;Windows 10&#039;, os.arch: &#039;amd64&#039;, os.version: &#039;10.0&#039;, java.version: &#039;1.8.0_202&#039;
Driver info: driver.version: ChromeDriver
remote stacktrace: Backtrace:
	Ordinal0 [0x0113C0C3+3326147]
	Ordinal0 [0x01020851+2164817]
	Ordinal0 [0x00EA7298+619160]
	Ordinal0 [0x00E9B17F+569727]
	Ordinal0 [0x00E9A421+566305]
	Ordinal0 [0x00E9A815+567317]
	Ordinal0 [0x00E9A135+565557]
	Ordinal0 [0x00EA38B1+604337]
	Ordinal0 [0x00E9A0F1+565489]
	Ordinal0 [0x00E9AEA2+568994]
	Ordinal0 [0x00E9A421+566305]
	Ordinal0 [0x00E9A815+567317]
	Ordinal0 [0x00E9A135+565557]
	Ordinal0 [0x00EA1D2C+597292]
	Ordinal0 [0x00E9A0F1+565489]
	Ordinal0 [0x00E9AEA2+568994]
	Ordinal0 [0x00E9A421+566305]
	Ordinal0 [0x00E9A815+567317]
	Ordinal0 [0x00E9A135+565557]
	Ordinal0 [0x00E9FE62+589410]
	Ordinal0 [0x00E9A0F1+565489]
	Ordinal0 [0x00E9AEA2+568994]
	Ordinal0 [0x00E9A421+566305]
	Ordinal0 [0x00E9A815+567317]
	Ordinal0 [0x00E9A135+565557]
	Ordinal0 [0x00E9F075+585845]
	Ordinal0 [0x00E9A0F1+565489]
	Ordinal0 [0x00E9AEA2+568994]
	Ordinal0 [0x00E9A421+566305]
	Ordinal0 [0x00E9A815+567317]
	Ordinal0 [0x00E9A135+565557]
	Ordinal0 [0x00E96776+550774]
	Ordinal0 [0x00E9A0F1+565489]
	Ordinal0 [0x00E99F13+565011]
	Ordinal0 [0x00E99D07+564487]
	Ordinal0 [0x00EA82C0+623296]
	Ordinal0 [0x00E46BDD+224221]
	Ordinal0 [0x00E45CAC+220332]
	Ordinal0 [0x00E4189B+202907]
	Ordinal0 [0x00E23DF4+81396]
	Ordinal0 [0x00E24DEE+85486]
	Ordinal0 [0x00E24D79+85369]
	Ordinal0 [0x010385DC+2262492]
	GetHandleVerifier [0x012C2874+1487204]
	GetHandleVerifier [0x012C23CD+1486013]
	GetHandleVerifier [0x012CA368+1518680]
	GetHandleVerifier [0x012C2F4E+1488958]
	Ordinal0 [0x0102ED0D+2223373]
	Ordinal0 [0x0103A12B+2269483]
	Ordinal0 [0x0103A26F+2269807]
	Ordinal0 [0x0104ECB8+2354360]
	BaseThreadInitThunk [0x76B6FA29+25]
	RtlGetAppContainerNamedObjectPath [0x771C75F4+228]
	RtlGetAppContainerNamedObjectPath [0x771C75C4+180]
">
      <![CDATA[org.openqa.selenium.SessionNotCreatedException: session not created
from timeout: Timed out receiving message from renderer: 600.000
  (Session info: chrome=87.0.4280.88)
Build info: version: '3.141.59', revision: 'e82be7d358', time: '2018-11-14T08:17:03'
System info: host: 'L31286WIN', ip: '192.168.1.10', os.name: 'Windows 10', os.arch: 'amd64', os.version: '10.0', java.version: '1.8.0_202'
Driver info: driver.version: ChromeDriver
remote stacktrace: Backtrace:
Ordinal0 [0x0113C0C3+3326147]
Ordinal0 [0x01020851+2164817]
Ordinal0 [0x00EA7298+619160]
Ordinal0 [0x00E9B17F+569727]
Ordinal0 [0x00E9A421+566305]
Ordinal0 [0x00E9A815+567317]
Ordinal0 [0x00E9A135+565557]
Ordinal0 [0x00EA38B1+604337]
Ordinal0 [0x00E9A0F1+565489]
Ordinal0 [0x00E9AEA2+568994]
Ordinal0 [0x00E9A421+566305]
Ordinal0 [0x00E9A815+567317]
Ordinal0 [0x00E9A135+565557]
Ordinal0 [0x00EA1D2C+597292]
Ordinal0 [0x00E9A0F1+565489]
Ordinal0 [0x00E9AEA2+568994]
Ordinal0 [0x00E9A421+566305]
Ordinal0 [0x00E9A815+567317]
Ordinal0 [0x00E9A135+565557]
Ordinal0 [0x00E9FE62+589410]
Ordinal0 [0x00E9A0F1+565489]
Ordinal0 [0x00E9AEA2+568994]
Ordinal0 [0x00E9A421+566305]
Ordinal0 [0x00E9A815+567317]
Ordinal0 [0x00E9A135+565557]
Ordinal0 [0x00E9F075+585845]
Ordinal0 [0x00E9A0F1+565489]
Ordinal0 [0x00E9AEA2+568994]
Ordinal0 [0x00E9A421+566305]
Ordinal0 [0x00E9A815+567317]
Ordinal0 [0x00E9A135+565557]
Ordinal0 [0x00E96776+550774]
Ordinal0 [0x00E9A0F1+565489]
Ordinal0 [0x00E99F13+565011]
Ordinal0 [0x00E99D07+564487]
Ordinal0 [0x00EA82C0+623296]
Ordinal0 [0x00E46BDD+224221]
Ordinal0 [0x00E45CAC+220332]
Ordinal0 [0x00E4189B+202907]
Ordinal0 [0x00E23DF4+81396]
Ordinal0 [0x00E24DEE+85486]
Ordinal0 [0x00E24D79+85369]
Ordinal0 [0x010385DC+2262492]
GetHandleVerifier [0x012C2874+1487204]
GetHandleVerifier [0x012C23CD+1486013]
GetHandleVerifier [0x012CA368+1518680]
GetHandleVerifier [0x012C2F4E+1488958]
Ordinal0 [0x0102ED0D+2223373]
Ordinal0 [0x0103A12B+2269483]
Ordinal0 [0x0103A26F+2269807]
Ordinal0 [0x0104ECB8+2354360]
BaseThreadInitThunk [0x76B6FA29+25]
RtlGetAppContainerNamedObjectPath [0x771C75F4+228]
RtlGetAppContainerNamedObjectPath [0x771C75C4+180]

at sun.reflect.NativeConstructorAccessorImpl.newInstance0(Native Method)
at sun.reflect.NativeConstructorAccessorImpl.newInstance(NativeConstructorAccessorImpl.java:62)
at sun.reflect.DelegatingConstructorAccessorImpl.newInstance(DelegatingConstructorAccessorImpl.java:45)
at java.lang.reflect.Constructor.newInstance(Constructor.java:423)
at org.openqa.selenium.remote.W3CHandshakeResponse.lambda$errorHandler$0(W3CHandshakeResponse.java:62)
at org.openqa.selenium.remote.HandshakeResponse.lambda$getResponseFunction$0(HandshakeResponse.java:30)
at org.openqa.selenium.remote.ProtocolHandshake.lambda$createSession$0(ProtocolHandshake.java:126)
at java.util.stream.ReferencePipeline$3$1.accept(ReferencePipeline.java:193)
at java.util.Spliterators$ArraySpliterator.tryAdvance(Spliterators.java:958)
at java.util.stream.ReferencePipeline.forEachWithCancel(ReferencePipeline.java:126)
at java.util.stream.AbstractPipeline.copyIntoWithCancel(AbstractPipeline.java:498)
at java.util.stream.AbstractPipeline.copyInto(AbstractPipeline.java:485)
at java.util.stream.AbstractPipeline.wrapAndCopyInto(AbstractPipeline.java:471)
at java.util.stream.FindOps$FindOp.evaluateSequential(FindOps.java:152)
at java.util.stream.AbstractPipeline.evaluate(AbstractPipeline.java:234)
at java.util.stream.ReferencePipeline.findFirst(ReferencePipeline.java:464)
at org.openqa.selenium.remote.ProtocolHandshake.createSession(ProtocolHandshake.java:128)
at org.openqa.selenium.remote.ProtocolHandshake.createSession(ProtocolHandshake.java:74)
at org.openqa.selenium.remote.HttpCommandExecutor.execute(HttpCommandExecutor.java:136)
at org.openqa.selenium.remote.service.DriverCommandExecutor.execute(DriverCommandExecutor.java:83)
at org.openqa.selenium.remote.RemoteWebDriver.execute(RemoteWebDriver.java:552)
at org.openqa.selenium.remote.RemoteWebDriver.startSession(RemoteWebDriver.java:213)
at org.openqa.selenium.remote.RemoteWebDriver.<init>(RemoteWebDriver.java:131)
at org.openqa.selenium.chrome.ChromeDriver.<init>(ChromeDriver.java:181)
at org.openqa.selenium.chrome.ChromeDriver.<init>(ChromeDriver.java:168)
at org.openqa.selenium.chrome.ChromeDriver.<init>(ChromeDriver.java:123)
at testCases.BaseClass.setup(BaseClass.java:39)
at sun.reflect.NativeMethodAccessorImpl.invoke0(Native Method)
at sun.reflect.NativeMethodAccessorImpl.invoke(NativeMethodAccessorImpl.java:62)
at sun.reflect.DelegatingMethodAccessorImpl.invoke(DelegatingMethodAccessorImpl.java:43)
at java.lang.reflect.Method.invoke(Method.java:498)
at org.testng.internal.MethodInvocationHelper.invokeMethod(MethodInvocationHelper.java:132)
at org.testng.internal.MethodInvocationHelper.invokeMethodConsideringTimeout(MethodInvocationHelper.java:61)
at org.testng.internal.ConfigInvoker.invokeConfigurationMethod(ConfigInvoker.java:366)
at org.testng.internal.ConfigInvoker.invokeConfigurations(ConfigInvoker.java:320)
at org.testng.internal.TestMethodWorker.invokeBeforeClassMethods(TestMethodWorker.java:176)
at org.testng.internal.TestMethodWorker.run(TestMethodWorker.java:122)
at java.util.ArrayList.forEach(ArrayList.java:1257)
at org.testng.TestRunner.privateRun(TestRunner.java:764)
at org.testng.TestRunner.run(TestRunner.java:585)
at org.testng.SuiteRunner.runTest(SuiteRunner.java:384)
at org.testng.SuiteRunner.runSequentially(SuiteRunner.java:378)
at org.testng.SuiteRunner.privateRun(SuiteRunner.java:337)
at org.testng.SuiteRunner.run(SuiteRunner.java:286)
at org.testng.SuiteRunnerWorker.runSuite(SuiteRunnerWorker.java:53)
at org.testng.SuiteRunnerWorker.run(SuiteRunnerWorker.java:96)
at org.testng.TestNG.runSuitesSequentially(TestNG.java:1218)
at org.testng.TestNG.runSuitesLocally(TestNG.java:1140)
at org.testng.TestNG.runSuites(TestNG.java:1069)
at org.testng.TestNG.run(TestNG.java:1037)
at org.apache.maven.surefire.testng.TestNGExecutor.run(TestNGExecutor.java:284)
at org.apache.maven.surefire.testng.TestNGXmlTestSuite.execute(TestNGXmlTestSuite.java:75)
at org.apache.maven.surefire.testng.TestNGProvider.invoke(TestNGProvider.java:119)
at org.apache.maven.surefire.booter.ForkedBooter.runSuitesInProcess(ForkedBooter.java:428)
at org.apache.maven.surefire.booter.ForkedBooter.execute(ForkedBooter.java:162)
at org.apache.maven.surefire.booter.ForkedBooter.run(ForkedBooter.java:562)
at org.apache.maven.surefire.booter.ForkedBooter.main(ForkedBooter.java:548)
]]>
    </error>
  </testcase> <!-- setup -->
  <system-out/>
  <testcase name="loginTest" time="0.000" classname="testCases.TC_Login">
    <skipped/>
  </testcase> <!-- loginTest -->
  <system-out/>
</testsuite> <!-- testCases.TC_Login -->
